<?xml version="1.0" encoding="UTF-8"?>
<testng-results ignored="0" total="1" passed="1" failed="0" skipped="0">
  <reporter-output>
  </reporter-output>
  <suite started-at="2023-11-09T23:17:16 IST" name="Suite" finished-at="2023-11-09T23:17:33 IST" duration-ms="16615">
    <groups>
    </groups>
    <test started-at="2023-11-09T23:17:16 IST" name="Test" finished-at="2023-11-09T23:17:33 IST" duration-ms="16615">
      <class name="testcase.TC001_RegisterTest">
        <test-method is-config="true" signature="setup()[pri:0, instance:testcase.TC001_RegisterTest@5745ca0e]" started-at="2023-11-09T23:17:16 IST" name="setup" finished-at="2023-11-09T23:17:16 IST" duration-ms="39" status="PASS">
          <reporter-output>
          </reporter-output>
        </test-method> <!-- setup -->
        <test-method is-config="true" signature="browserLaunch(java.lang.String,java.lang.String)[pri:0, instance:testcase.TC001_RegisterTest@5745ca0e]" started-at="2023-11-09T23:17:18 IST" name="browserLaunch" finished-at="2023-11-09T23:17:30 IST" duration-ms="12243" status="PASS">
          <params>
            <param index="0">
              <value>
                <![CDATA[chrome]]>
              </value>
            </param>
            <param index="1">
              <value>
                <![CDATA[https://demowebshop.tricentis.com/]]>
              </value>
            </param>
          </params>
          <reporter-output>
          </reporter-output>
        </test-method> <!-- browserLaunch -->
        <test-method signature="registerTest(java.lang.String,java.lang.String,java.lang.String,java.lang.String,java.lang.String)[pri:0, instance:testcase.TC001_RegisterTest@5745ca0e]" started-at="2023-11-09T23:17:30 IST" name="registerTest" data-provider="getData" finished-at="2023-11-09T23:17:33 IST" duration-ms="2537" status="PASS">
          <params>
            <param index="0">
              <value>
                <![CDATA[Ajay]]>
              </value>
            </param>
            <param index="1">
              <value>
                <![CDATA[Krishna]]>
              </value>
            </param>
            <param index="2">
              <value>
                <![CDATA[Ajay@gmail.com]]>
              </value>
            </param>
            <param index="3">
              <value>
                <![CDATA[Ajay@123]]>
              </value>
            </param>
            <param index="4">
              <value>
                <![CDATA[Ajay@123]]>
              </value>
            </param>
          </params>
          <reporter-output>
          </reporter-output>
        </test-method> <!-- registerTest -->
        <test-method is-config="true" signature="closeBrowser()[pri:0, instance:testcase.TC001_RegisterTest@5745ca0e]" started-at="2023-11-09T23:17:33 IST" name="closeBrowser" finished-at="2023-11-09T23:17:33 IST" duration-ms="132" status="PASS">
          <reporter-output>
          </reporter-output>
        </test-method> <!-- closeBrowser -->
      </class> <!-- testcase.TC001_RegisterTest -->
    </test> <!-- Test -->
  </suite> <!-- Suite -->
</testng-results>
